SKDroid_810/SKDroid_810/proguard.cfg
-optimizationpasses 5
-dontusemixedcaseclassnames
-dontskipnonpubliclibraryclasses
-dontpreverify
-verbose
-optimizations !code/simplification/arithmetic,!field/*,!class/merging/*

-libraryjars D:\tools\android\adt-bundle-windows-x86-20140321\sdk\platforms\android-18\android.jar

-libraryjars D:\GitCodes\SKDroid\android-ngn-stack_810\libs\simple-xml-2.3.4.jar

-libraryjars D:\GitCodes\SKDroid\android-ngn-stack_810\bin\android-ngn-stack.jar

-ignorewarnings