SKDroid_810/SKDroid_810/proguard/seeds.txt
com.sunkaisens.skdroid.GPSDataService
com.sunkaisens.skdroid.GlobalBroadcastReceiver
com.sunkaisens.skdroid.GroupContactsDowloadService
com.sunkaisens.skdroid.Main
com.sunkaisens.skdroid.Main: Main()
com.sunkaisens.skdroid.MainService
com.sunkaisens.skdroid.NativeService
com.sunkaisens.skdroid.NativeService: NativeService()
com.sunkaisens.skdroid.SKDroid
com.sunkaisens.skdroid.SKDroid: SKDroid()
com.sunkaisens.skdroid.Screens.BaseScreen
com.sunkaisens.skdroid.Screens.BaseScreen: BaseScreen(com.sunkaisens.skdroid.Screens.BaseScreen$SCREEN_TYPE,java.lang.String)
com.sunkaisens.skdroid.Screens.BaseScreen$SCREEN_TYPE: com.sunkaisens.skdroid.Screens.BaseScreen$SCREEN_TYPE[] values()
com.sunkaisens.skdroid.Screens.BaseScreen$SCREEN_TYPE: com.sunkaisens.skdroid.Screens.BaseScreen$SCREEN_TYPE valueOf(java.lang.String)
com.sunkaisens.skdroid.Screens.ScreenAV
com.sunkaisens.skdroid.Screens.ScreenAV: ScreenAV()
com.sunkaisens.skdroid.Screens.ScreenAV$ViewType: com.sunkaisens.skdroid.Screens.ScreenAV$ViewType[] values()
com.sunkaisens.skdroid.Screens.ScreenAV$ViewType: com.sunkaisens.skdroid.Screens.ScreenAV$ViewType valueOf(java.lang.String)
com.sunkaisens.skdroid.Screens.ScreenAVQueue
com.sunkaisens.skdroid.Screens.ScreenAVQueue: ScreenAVQueue()
com.sunkaisens.skdroid.Screens.ScreenAbout
com.sunkaisens.skdroid.Screens.ScreenAbout: ScreenAbout()
com.sunkaisens.skdroid.Screens.ScreenAdhockLogin
com.sunkaisens.skdroid.Screens.ScreenAdhockLogin: ScreenAdhockLogin()
com.sunkaisens.skdroid.Screens.ScreenChat
com.sunkaisens.skdroid.Screens.ScreenChat: ScreenChat()
com.sunkaisens.skdroid.Screens.ScreenChatQueue
com.sunkaisens.skdroid.Screens.ScreenChatQueue: ScreenChatQueue()
com.sunkaisens.skdroid.Screens.ScreenCodecs
com.sunkaisens.skdroid.Screens.ScreenCodecs: ScreenCodecs()
com.sunkaisens.skdroid.Screens.ScreenContactAdd
com.sunkaisens.skdroid.Screens.ScreenContactAdd: ScreenContactAdd()
com.sunkaisens.skdroid.Screens.ScreenContactChild
com.sunkaisens.skdroid.Screens.ScreenContactChild: ScreenContactChild()
com.sunkaisens.skdroid.Screens.ScreenContactSelect
com.sunkaisens.skdroid.Screens.ScreenFeedback
com.sunkaisens.skdroid.Screens.ScreenFeedback: ScreenFeedback()
com.sunkaisens.skdroid.Screens.ScreenFileTransferQueue
com.sunkaisens.skdroid.Screens.ScreenFileTransferQueue: ScreenFileTransferQueue()
com.sunkaisens.skdroid.Screens.ScreenFileTransferView
com.sunkaisens.skdroid.Screens.ScreenFileTransferView: ScreenFileTransferView()
com.sunkaisens.skdroid.Screens.ScreenGPS
com.sunkaisens.skdroid.Screens.ScreenGPS: ScreenGPS()
com.sunkaisens.skdroid.Screens.ScreenGeneral
com.sunkaisens.skdroid.Screens.ScreenGeneral: ScreenGeneral()
com.sunkaisens.skdroid.Screens.ScreenIdentity
com.sunkaisens.skdroid.Screens.ScreenIdentity: ScreenIdentity()
com.sunkaisens.skdroid.Screens.ScreenInterceptCall
com.sunkaisens.skdroid.Screens.ScreenInterceptCall: ScreenInterceptCall()
com.sunkaisens.skdroid.Screens.ScreenLoginAccount
com.sunkaisens.skdroid.Screens.ScreenLoginAccount: ScreenLoginAccount()
com.sunkaisens.skdroid.Screens.ScreenLoginSetting
com.sunkaisens.skdroid.Screens.ScreenLoginSetting: ScreenLoginSetting()
com.sunkaisens.skdroid.Screens.ScreenMap
com.sunkaisens.skdroid.Screens.ScreenMap: ScreenMap()
com.sunkaisens.skdroid.Screens.ScreenMessaging
com.sunkaisens.skdroid.Screens.ScreenMessaging: ScreenMessaging()
com.sunkaisens.skdroid.Screens.ScreenNatt
com.sunkaisens.skdroid.Screens.ScreenNatt: ScreenNatt()
com.sunkaisens.skdroid.Screens.ScreenNetInfo
com.sunkaisens.skdroid.Screens.ScreenNetInfo$PhoneInputType: com.sunkaisens.skdroid.Screens.ScreenNetInfo$PhoneInputType[] values()
com.sunkaisens.skdroid.Screens.ScreenNetInfo$PhoneInputType: com.sunkaisens.skdroid.Screens.ScreenNetInfo$PhoneInputType valueOf(java.lang.String)
com.sunkaisens.skdroid.Screens.ScreenNetwork
com.sunkaisens.skdroid.Screens.ScreenNetwork: ScreenNetwork()
com.sunkaisens.skdroid.Screens.ScreenNewSMS
com.sunkaisens.skdroid.Screens.ScreenNewSMS: ScreenNewSMS()
...
org.doubango.ngn.media.NgnProxyVideoConsumerSV$MyProxyVideoConsumerCallback
org.doubango.ngn.media.NgnProxyVideoConsumerSV$MyProxyVideoConsumerCallback: org.doubango.ngn.media.NgnProxyVideoConsumerSV myConsumer
org.doubango.ngn.media.NgnProxyVideoConsumerSV$MyProxyVideoConsumerCallback: NgnProxyVideoConsumerSV$MyProxyVideoConsumerCallback(org.doubango.ngn.media.NgnProxyVideoConsumerSV)
org.doubango.ngn.media.NgnProxyVideoConsumerSV$MyProxyVideoConsumerCallback: int prepare(int,int,int)
org.doubango.ngn.media.NgnProxyVideoConsumerSV$MyProxyVideoConsumerCallback: int start()
org.doubango.ngn.media.NgnProxyVideoConsumerSV$MyProxyVideoConsumerCallback: int consume(org.doubango.tinyWRAP.ProxyVideoFrame)
org.doubango.ngn.media.NgnProxyVideoConsumerSV$MyProxyVideoConsumerCallback: int bufferCopied(long,long)
org.doubango.ngn.media.NgnProxyVideoConsumerSV$MyProxyVideoConsumerCallback: int pause()
org.doubango.ngn.media.NgnProxyVideoConsumerSV$MyProxyVideoConsumerCallback: int stop()
org.doubango.ngn.media.NgnProxyVideoConsumerSV$MyProxyVideoConsumerPreview
org.doubango.ngn.media.NgnProxyVideoConsumerSV$MyProxyVideoConsumerPreview: android.view.SurfaceHolder mHolder
org.doubango.ngn.media.NgnProxyVideoConsumerSV$MyProxyVideoConsumerPreview: android.graphics.Rect mSurfFrame
org.doubango.ngn.media.NgnProxyVideoConsumerSV$MyProxyVideoConsumerPreview: android.graphics.Rect mSurfDisplay
org.doubango.ngn.media.NgnProxyVideoConsumerSV$MyProxyVideoConsumerPreview: float mRatio
org.doubango.ngn.media.NgnProxyVideoConsumerSV$MyProxyVideoConsumerPreview: boolean mSurfaceChanged
org.doubango.ngn.media.NgnProxyVideoConsumerSV$MyProxyVideoConsumerPreview: NgnProxyVideoConsumerSV$MyProxyVideoConsumerPreview(android.content.Context,int,int,int)
org.doubango.ngn.media.NgnProxyVideoConsumerSV$MyProxyVideoConsumerPreview: void setSurfaceChanged(boolean)
org.doubango.ngn.media.NgnProxyVideoConsumerSV$MyProxyVideoConsumerPreview: boolean isSurfaceChanged()
org.doubango.ngn.media.NgnProxyVideoConsumerSV$MyProxyVideoConsumerPreview: void surfaceCreated(android.view.SurfaceHolder)
org.doubango.ngn.media.NgnProxyVideoConsumerSV$MyProxyVideoConsumerPreview: void surfaceDestroyed(android.view.SurfaceHolder)
org.doubango.ngn.media.NgnProxyVideoConsumerSV$MyProxyVideoConsumerPreview: void surfaceChanged(android.view.SurfaceHolder,int,int,int)
org.doubango.ngn.media.NgnProxyVideoProducer
org.doubango.ngn.media.NgnProxyVideoProducer: java.lang.String TAG
org.doubango.ngn.media.NgnProxyVideoProducer: int DEFAULT_VIDEO_WIDTH
org.doubango.ngn.media.NgnProxyVideoProducer: int DEFAULT_VIDEO_HEIGHT
org.doubango.ngn.media.NgnProxyVideoProducer: int DEFAULT_VIDEO_FPS
org.doubango.ngn.media.NgnProxyVideoProducer: int CALLABACK_BUFFERS_COUNT
org.doubango.ngn.media.NgnProxyVideoProducer: boolean sAddCallbackBufferSupported
org.doubango.ngn.media.NgnProxyVideoProducer: org.doubango.tinyWRAP.ProxyVideoProducer mProducer
org.doubango.ngn.media.NgnProxyVideoProducer: org.doubango.ngn.media.NgnProxyVideoProducer$MyProxyVideoProducerCallback mCallback
org.doubango.ngn.media.NgnProxyVideoProducer: android.content.Context mContext
org.doubango.ngn.media.NgnProxyVideoProducer: org.doubango.ngn.media.NgnProxyVideoProducer$MyProxyVideoProducerPreview mPreview
org.doubango.ngn.media.NgnProxyVideoProducer: int mWidth
org.doubango.ngn.media.NgnProxyVideoProducer: int mHeight
org.doubango.ngn.media.NgnProxyVideoProducer: int mFps
org.doubango.ngn.media.NgnProxyVideoProducer: int mFrameWidth
org.doubango.ngn.media.NgnProxyVideoProducer: int mFrameHeight
org.doubango.ngn.media.NgnProxyVideoProducer: boolean mIsVideoCallbackStop
org.doubango.ngn.media.NgnProxyVideoProducer: java.nio.ByteBuffer mVideoFrame
org.doubango.ngn.media.NgnProxyVideoProducer: byte[] mVideoCallbackData