SKDroid_810/SKDroid_810/proguard/mapping.txt
com.sunkaisens.skdroid.Engine -> com.sunkaisens.skdroid.a:
    java.lang.String TAG -> a
    java.lang.String notifPTTTone -> b
    com.sunkaisens.skdroid.Services.IScreenService mScreenService -> c
    boolean hasSMSNotif -> d
    boolean hasPushNotif -> e
    org.doubango.ngn.NgnEngine getInstance() -> a
    boolean start() -> start
    boolean stop() -> stop
    void showNotification(int,int,java.lang.String) -> a
    void showAppNotif(int,java.lang.String) -> a
    void showAVCallNotif$4f708078(java.lang.String) -> a
    void showAVCallNotNotif$13462e() -> b
    void cancelAVCallNotNotif() -> c
    void refreshAVCallNotif$13462e() -> d
    void refreshContentShareNotif$13462e() -> e
    void refreshChatNotif$13462e() -> f
    void playNotificationTone() -> g
    void showSMSNotif$4f708078(java.lang.String) -> b
    void cancelSMSNotif() -> h
    com.sunkaisens.skdroid.Services.IScreenService getScreenService() -> i
    java.lang.Class getNativeServiceClass() -> getNativeServiceClass
    void showPushNotif$4f708078(java.lang.String) -> c
    void cancelPushNotif() -> j
    void showMapNotif$4f708078(java.lang.String) -> d
com.sunkaisens.skdroid.Engine$1 -> com.sunkaisens.skdroid.b:
    com.sunkaisens.skdroid.Engine this$0 -> a
    boolean apply(java.lang.Object) -> apply
com.sunkaisens.skdroid.Engine$3 -> com.sunkaisens.skdroid.c:
    com.sunkaisens.skdroid.Engine this$0 -> a
    boolean apply(java.lang.Object) -> apply
com.sunkaisens.skdroid.Engine$5 -> com.sunkaisens.skdroid.d:
    com.sunkaisens.skdroid.Engine this$0 -> a
    boolean apply(java.lang.Object) -> apply
com.sunkaisens.skdroid.GPSDataService -> com.sunkaisens.skdroid.GPSDataService:
    java.lang.String TAG -> b
    org.doubango.ngn.services.INgnConfigurationService mConfigurationService -> c
    android.location.LocationManager mLocationManager -> d
    java.lang.Boolean EnableSetGPSData -> e
    com.sunkaisens.skdroid.GPSDataService$ServiceWorker worker -> f
    java.net.DatagramSocket socket -> g
    java.util.Timer myTimer -> a
    void onCreate() -> onCreate
    void onDestroy() -> onDestroy
    android.os.IBinder onBind(android.content.Intent) -> onBind
    void access$2(com.sunkaisens.skdroid.GPSDataService,android.location.LocationManager) -> a
    android.location.LocationManager access$3(com.sunkaisens.skdroid.GPSDataService) -> a
com.sunkaisens.skdroid.GPSDataService$ServiceWorker -> com.sunkaisens.skdroid.e:
    com.sunkaisens.skdroid.GPSDataService this$0 -> a
    void run() -> run
com.sunkaisens.skdroid.GPSDataService$ServiceWorker$1 -> com.sunkaisens.skdroid.f:
    com.sunkaisens.skdroid.GPSDataService$ServiceWorker this$1 -> a
    void onLocationChanged(android.location.Location) -> onLocationChanged
    void onStatusChanged(java.lang.String,int,android.os.Bundle) -> onStatusChanged
    void onProviderEnabled(java.lang.String) -> onProviderEnabled
    void onProviderDisabled(java.lang.String) -> onProviderDisabled
com.sunkaisens.skdroid.GlobalBroadcastReceiver -> com.sunkaisens.skdroid.GlobalBroadcastReceiver:
    void onReceive(android.content.Context,android.content.Intent) -> onReceive
com.sunkaisens.skdroid.GroupContactsDowloadService -> com.sunkaisens.skdroid.GroupContactsDowloadService:
    org.doubango.ngn.services.INgnConfigurationService mConfigurationService -> a
    java.lang.Boolean ContactsHasChanged -> b
    com.sunkaisens.skdroid.GroupContactsDowloadService$ServiceDownloader downloader -> c
    void onCreate() -> onCreate
    android.os.IBinder onBind(android.content.Intent) -> onBind
    org.doubango.ngn.services.INgnConfigurationService access$0(com.sunkaisens.skdroid.GroupContactsDowloadService) -> a
com.sunkaisens.skdroid.GroupContactsDowloadService$ServiceDownloader -> com.sunkaisens.skdroid.g:
    com.sunkaisens.skdroid.GroupContactsDowloadService this$0 -> a
    void run() -> run
...
org.simpleframework.xml.stream.DocumentReader -> org.b.a.d.c:
    org.simpleframework.xml.stream.NodeExtractor queue -> a
    org.simpleframework.xml.stream.NodeStack stack -> b
    org.simpleframework.xml.stream.EventNode peek -> c
    org.simpleframework.xml.stream.EventNode peek() -> a
    org.simpleframework.xml.stream.EventNode next() -> b
    org.simpleframework.xml.stream.DocumentReader$End end() -> c
org.simpleframework.xml.stream.DocumentReader$End -> org.b.a.d.d:
    boolean isEnd() -> a
org.simpleframework.xml.stream.DocumentReader$Entry -> org.b.a.d.e:
    org.w3c.dom.Node node -> a
    java.lang.String getName() -> a
    java.lang.String getValue() -> b
    java.lang.String getPrefix() -> d
    java.lang.String getReference() -> c
    boolean isReserved() -> f
    java.lang.Object getSource() -> e
org.simpleframework.xml.stream.DocumentReader$Start -> org.b.a.d.f:
    org.w3c.dom.Element element -> a
    java.lang.String getName() -> b
    org.w3c.dom.NamedNodeMap getAttributes() -> c
org.simpleframework.xml.stream.DocumentReader$Text -> org.b.a.d.g:
    org.w3c.dom.Node node -> a
    boolean isText() -> b_
    java.lang.String getValue() -> d
org.simpleframework.xml.stream.EventAttribute -> org.b.a.d.h:
    java.lang.String getPrefix() -> d
    java.lang.String getReference() -> c
    java.lang.Object getSource() -> e
    boolean isReserved() -> f
org.simpleframework.xml.stream.EventElement -> org.b.a.d.i:
    int getLine() -> e
    java.lang.String getValue() -> d
    boolean isEnd() -> a
    boolean isStart() -> f
    boolean isText() -> b_
org.simpleframework.xml.stream.EventNode -> org.b.a.d.j:
    int getLine() -> e
    java.lang.String getName() -> b
    java.lang.String getValue() -> d
    boolean isEnd() -> a
    boolean isStart() -> f
    boolean isText() -> b_
org.simpleframework.xml.stream.EventReader -> org.b.a.d.k:
    org.simpleframework.xml.stream.EventNode next() -> b
    org.simpleframework.xml.stream.EventNode peek() -> a
org.simpleframework.xml.stream.EventToken -> org.b.a.d.l:
    int getLine() -> e
    java.lang.String getName() -> b
    java.lang.String getValue() -> d
    java.util.Iterator iterator() -> iterator
    boolean isEnd() -> a
    boolean isStart() -> f
    boolean isText() -> b_
org.simpleframework.xml.stream.Format -> org.b.a.d.m:
    java.lang.String prolog -> a
    org.simpleframework.xml.stream.Style style -> b
    int indent -> c
    int getIndent() -> a
    java.lang.String getProlog() -> b
    org.simpleframework.xml.stream.Style getStyle() -> c
org.simpleframework.xml.stream.Formatter -> org.b.a.d.n:
    char[] NAMESPACE -> a
    char[] LESS -> b
    char[] GREATER -> c
    char[] DOUBLE -> d
    char[] SINGLE -> e
    char[] AND -> f
    char[] OPEN -> g
    char[] CLOSE -> h
    org.simpleframework.xml.stream.OutputBuffer buffer -> i
    org.simpleframework.xml.stream.Indenter indenter -> j
    java.io.Writer result -> k
    java.lang.String prolog -> l
    org.simpleframework.xml.stream.Formatter$Tag last -> m
    void writeProlog() -> a
    void writeComment(java.lang.String) -> a
    void writeStart(java.lang.String,java.lang.String) -> a
    void writeAttribute(java.lang.String,java.lang.String,java.lang.String) -> a
    void writeNamespace(java.lang.String,java.lang.String) -> b
    void writeText(java.lang.String,org.simpleframework.xml.stream.Mode) -> a
    void writeEnd(java.lang.String,java.lang.String) -> c
    void write(char) -> a
    void write(char[]) -> a
    void write(java.lang.String) -> b
    void write(java.lang.String,java.lang.String) -> d
    void append(char) -> b
    void append(char[]) -> b
    void append(java.lang.String) -> c
    void escape(java.lang.String) -> d
    void flush() -> b
    boolean isEmpty(java.lang.String) -> e