SKDroid_810/SKDroid_810/proguard/usage.txt
com.sunkaisens.skdroid.BuildConfig
com.sunkaisens.skdroid.CustomDialog
com.sunkaisens.skdroid.Engine:
    private static final java.lang.String CONTENT_TITLE
    private static final int NOTIF_AVCALL_ID
    private static final int NOTIF_SMS_ID
    private static final int NOTIF_APP_ID
    private static final int NOTIF_CONTSHARE_ID
    private static final int NOTIF_CHAT_ID
    private static final int NOTIF_PUSH_ID
    private static final int NOTIF_PTT_ID
    private static final int NOTIF_AVCALL_NOT_ID
    private static final int NOTIF_MAP_ID
    172:175:public void cancelAVCallNotif()
    195:196:public void showContentShareNotif(int,java.lang.String)
    199:207:public void cancelContentShareNotif()
    224:225:public void showContentChatNotif(int,java.lang.String)
    228:236:public void cancelChatNotif()
    304:305:public void cancelMapNotif()
com.sunkaisens.skdroid.Engine$2
com.sunkaisens.skdroid.Engine$4
com.sunkaisens.skdroid.GPSDataService:
    29:29:static synthetic org.doubango.ngn.services.INgnConfigurationService access$0(com.sunkaisens.skdroid.GPSDataService)
    38:38:static synthetic java.net.DatagramSocket access$1(com.sunkaisens.skdroid.GPSDataService)
com.sunkaisens.skdroid.GPSDataService$ServiceWorker:
    185:277:protected void sendGPSInfo(android.location.Location)
    378:379:protected void sendSimulationGPSInfo(long)
    54:54:static synthetic com.sunkaisens.skdroid.GPSDataService access$0(com.sunkaisens.skdroid.GPSDataService$ServiceWorker)
com.sunkaisens.skdroid.GPSDataService$ServiceWorker$myTimerTask
com.sunkaisens.skdroid.GroupContactsDowloadService:
    private static final java.lang.String TAG
com.sunkaisens.skdroid.Main:
    public static final int ACTION_NONE
    public static final int ACTION_RESTORE_LAST_STATE
    public static final int ACTION_SHOW_AVSCREEN
    public static final int ACTION_SHOW_CONTSHARE_SCREEN
    public static final int ACTION_SHOW_SMS
    public static final int ACTION_SHOW_CHAT_SCREEN
    public static final int ACTION_SHOW_PUSH
    public static final int ACTION_SHOW_CALLSCREEN
    public static final int ACTION_SHOW_HOME
    public static final int ACTION_SHOW_MAP
    private static final int RC_SPLASH
    public static final int MSG_IS_NETWORK_AVAILABLE
    public static final int FILETRANSFERMSG
    public static final int FILEDOWNLOADPROGRESS
    public static final int FILEDOWNLOADOK
    public static final int FILEDOWNLOADERROR
    public static final int FILEUPLOADPROGRESS
com.sunkaisens.skdroid.MainService:
    public static final int ACTION_NONE
    public static final int ACTION_RESTORE_LAST_STATE
    public static final int ACTION_SHOW_AVSCREEN
    public static final int ACTION_SHOW_CONTSHARE_SCREEN
    public static final int ACTION_SHOW_SMS
    public static final int ACTION_SHOW_CHAT_SCREEN
    public static final int ACTION_SHOW_PUSH
    private static final int RC_SPLASH
    public static final int MSG_IS_NETWORK_AVAILABLE
com.sunkaisens.skdroid.MessageTypes
com.sunkaisens.skdroid.QuickAction.ActionItem
com.sunkaisens.skdroid.QuickAction.CustomPopupWindow
com.sunkaisens.skdroid.QuickAction.CustomPopupWindow$1
com.sunkaisens.skdroid.QuickAction.QuickAction
com.sunkaisens.skdroid.QuickAction.QuickAction$1
com.sunkaisens.skdroid.R
com.sunkaisens.skdroid.R$anim
com.sunkaisens.skdroid.R$attr
com.sunkaisens.skdroid.R$color
com.sunkaisens.skdroid.R$dimen
com.sunkaisens.skdroid.R$drawable
com.sunkaisens.skdroid.R$id
com.sunkaisens.skdroid.R$layout
com.sunkaisens.skdroid.R$menu
com.sunkaisens.skdroid.R$raw
com.sunkaisens.skdroid.R$string
com.sunkaisens.skdroid.R$style
com.sunkaisens.skdroid.R$xml
...
org.simpleframework.xml.core.ParameterFactory:
    43:121:ParameterFactory()
org.simpleframework.xml.core.PersistenceException:
    54:55:public varargs PersistenceException(java.lang.Throwable,java.lang.String,java.lang.Object[])
org.simpleframework.xml.core.Persister:
    109:110:public Persister(org.simpleframework.xml.stream.Format)
    136:137:public Persister(java.util.Map,org.simpleframework.xml.stream.Format)
    161:162:public Persister(org.simpleframework.xml.filter.Filter,org.simpleframework.xml.stream.Format)
    174:175:public Persister(org.simpleframework.xml.transform.Matcher)
    188:189:public Persister(org.simpleframework.xml.transform.Matcher,org.simpleframework.xml.stream.Format)
    201:202:public Persister(org.simpleframework.xml.strategy.Strategy)
    215:216:public Persister(org.simpleframework.xml.strategy.Strategy,org.simpleframework.xml.stream.Format)
    228:229:public Persister(org.simpleframework.xml.filter.Filter,org.simpleframework.xml.transform.Matcher)
    242:243:public Persister(org.simpleframework.xml.filter.Filter,org.simpleframework.xml.transform.Matcher,org.simpleframework.xml.stream.Format)
    260:261:public Persister(org.simpleframework.xml.strategy.Strategy,java.util.Map)
    278:279:public Persister(org.simpleframework.xml.strategy.Strategy,java.util.Map,org.simpleframework.xml.stream.Format)
    331:332:public Persister(org.simpleframework.xml.strategy.Strategy,org.simpleframework.xml.transform.Matcher)
    350:351:public Persister(org.simpleframework.xml.strategy.Strategy,org.simpleframework.xml.transform.Matcher,org.simpleframework.xml.stream.Format)
org.simpleframework.xml.core.Primitive:
    242:247:public boolean validate(org.simpleframework.xml.stream.InputNode)
    262:267:private boolean validateElement(org.simpleframework.xml.stream.InputNode)
org.simpleframework.xml.core.PrimitiveArray:
    154:162:public boolean validate(org.simpleframework.xml.stream.InputNode)
    177:177:private boolean validate(org.simpleframework.xml.stream.InputNode,java.lang.Class)
org.simpleframework.xml.core.PrimitiveFactory:
    88:93:public java.lang.Object getInstance(java.lang.String)
org.simpleframework.xml.core.PrimitiveInlineList:
    172:183:public boolean validate(org.simpleframework.xml.stream.InputNode)
org.simpleframework.xml.core.PrimitiveKey:
    197:206:public boolean validate(org.simpleframework.xml.stream.InputNode)
    221:227:private boolean validateAttribute(org.simpleframework.xml.stream.InputNode,java.lang.String)
    242:248:private boolean validateElement(org.simpleframework.xml.stream.InputNode,java.lang.String)
org.simpleframework.xml.core.PrimitiveList:
    178:186:public boolean validate(org.simpleframework.xml.stream.InputNode)
    203:209:private boolean validate(org.simpleframework.xml.stream.InputNode,java.lang.Class)
org.simpleframework.xml.core.PrimitiveValue:
    176:182:public boolean validate(org.simpleframework.xml.stream.InputNode)
    197:206:private boolean validate(org.simpleframework.xml.stream.InputNode,java.lang.String)
org.simpleframework.xml.core.Qualifier
org.simpleframework.xml.core.Reflector:
    40:40:Reflector()
org.simpleframework.xml.core.RootException:
    55:56:public varargs RootException(java.lang.Throwable,java.lang.String,java.lang.Object[])
org.simpleframework.xml.core.Schema:
    public abstract org.simpleframework.xml.core.Decorator getDecorator()
org.simpleframework.xml.core.Signature:
    61:65:public Signature(org.simpleframework.xml.core.Contact,org.simpleframework.xml.core.Label)
org.simpleframework.xml.core.Source:
    256:256:public org.simpleframework.xml.core.Instance getInstance(org.simpleframework.xml.strategy.Value)
org.simpleframework.xml.core.Support:
    129:129:public org.simpleframework.xml.core.Instance getInstance(org.simpleframework.xml.strategy.Value)
    155:155:public org.simpleframework.xml.transform.Transform getTransform(java.lang.Class)
    215:215:public boolean valid(java.lang.Class)